0 info it worked if it ends with ok
1 verbose cli [ '/home/poe/develop/node-v6.9.1-linux-x64/bin/node',
1 verbose cli   '/home/poe/develop/node-v6.9.1-linux-x64/bin/npm',
1 verbose cli   'start' ]
2 info using npm@3.10.8
3 info using node@v6.9.1
4 verbose run-script [ 'prestart', 'start', 'poststart' ]
5 info lifecycle node-js-getting-started@1.0.0~prestart: node-js-getting-started@1.0.0
6 silly lifecycle node-js-getting-started@1.0.0~prestart: no script for prestart, continuing
7 info lifecycle node-js-getting-started@1.0.0~start: node-js-getting-started@1.0.0
8 verbose lifecycle node-js-getting-started@1.0.0~start: unsafe-perm in lifecycle true
9 verbose lifecycle node-js-getting-started@1.0.0~start: PATH: /home/poe/develop/node-v6.9.1-linux-x64/lib/node_modules/npm/bin/node-gyp-bin:/home/poe/develop/node/avos/upload/upload/node_modules/.bin:/home/poe/develop/google-cloud-sdk/bin:/home/poe/develop/mongodb--3.2.10/bin:/home/poe/depot_tools:/usr/lib/jvm/jdk8/bin:/usr/lib/jvm/jdk8/bin:/home/poe/bin:/usr/local/sbin:/usr/local/bin:/usr/sbin:/usr/bin:/sbin:/bin:/usr/games:/usr/local/games:/home/poe/Android/Sdk/platform-tooLs:/home/poe/Android/Sdk/platform-tools:/home/poe/develop/android-ndk-r10c:/home/poe/develop/node-v6.9.1-linux-x64/bin:/home/poe/Android/Sdk/platform-tooLs:/home/poe/Android/Sdk/platform-tools:/home/poe/develop/android-ndk-r10c
10 verbose lifecycle node-js-getting-started@1.0.0~start: CWD: /home/poe/develop/node/avos/upload/upload
11 silly lifecycle node-js-getting-started@1.0.0~start: Args: [ '-c', 'node server.js' ]
12 silly lifecycle node-js-getting-started@1.0.0~start: Returned: code: 1  signal: null
13 info lifecycle node-js-getting-started@1.0.0~start: Failed to exec start script
14 verbose stack Error: node-js-getting-started@1.0.0 start: `node server.js`
14 verbose stack Exit status 1
14 verbose stack     at EventEmitter.<anonymous> (/home/poe/develop/node-v6.9.1-linux-x64/lib/node_modules/npm/lib/utils/lifecycle.js:255:16)
14 verbose stack     at emitTwo (events.js:106:13)
14 verbose stack     at EventEmitter.emit (events.js:191:7)
14 verbose stack     at ChildProcess.<anonymous> (/home/poe/develop/node-v6.9.1-linux-x64/lib/node_modules/npm/lib/utils/spawn.js:40:14)
14 verbose stack     at emitTwo (events.js:106:13)
14 verbose stack     at ChildProcess.emit (events.js:191:7)
14 verbose stack     at maybeClose (internal/child_process.js:877:16)
14 verbose stack     at Process.ChildProcess._handle.onexit (internal/child_process.js:226:5)
15 verbose pkgid node-js-getting-started@1.0.0
16 verbose cwd /home/poe/develop/node/avos/upload/upload
17 error Linux 4.4.0-45-generic
18 error argv "/home/poe/develop/node-v6.9.1-linux-x64/bin/node" "/home/poe/develop/node-v6.9.1-linux-x64/bin/npm" "start"
19 error node v6.9.1
20 error npm  v3.10.8
21 error code ELIFECYCLE
22 error node-js-getting-started@1.0.0 start: `node server.js`
22 error Exit status 1
23 error Failed at the node-js-getting-started@1.0.0 start script 'node server.js'.
23 error Make sure you have the latest version of node.js and npm installed.
23 error If you do, this is most likely a problem with the node-js-getting-started package,
23 error not with npm itself.
23 error Tell the author that this fails on your system:
23 error     node server.js
23 error You can get information on how to open an issue for this project with:
23 error     npm bugs node-js-getting-started
23 error Or if that isn't available, you can get their info via:
23 error     npm owner ls node-js-getting-started
23 error There is likely additional logging output above.
24 verbose exit [ 1, true ]
